Copyright 1986-2018 Xilinx, Inc. All Rights Reserved.
-----------------------------------------------------------------------------------------------------------------------------------------------------------------
| Tool Version : Vivado v.2018.2 (lin64) Build 2258646 Thu Jun 14 20:02:38 MDT 2018
| Date         : Thu Feb 17 11:43:54 2022
| Host         : n-62-27-21 running 64-bit Scientific Linux release 7.7 (Nitrogen)
| Command      : report_methodology -file MUX16x1x8_methodology_drc_routed.rpt -pb MUX16x1x8_methodology_drc_routed.pb -rpx MUX16x1x8_methodology_drc_routed.rpx
| Design       : MUX16x1x8
| Device       : xc7a12ticsg325-1L
| Speed File   : -1L
| Design State : Routed
-----------------------------------------------------------------------------------------------------------------------------------------------------------------

Report Methodology

Table of Contents
-----------------
1. REPORT SUMMARY
2. REPORT DETAILS

1. REPORT SUMMARY
-----------------
            Netlist: netlist
          Floorplan: design_1
      Design limits: <entire design considered>
             Max violations: <unlimited>
             Violations found: 0
+------+----------+-------------+------------+
| Rule | Severity | Description | Violations |
+------+----------+-------------+------------+
+------+----------+-------------+------------+

2. REPORT DETAILS
-----------------

