
*** Running vivado
    with args -log MUX16x1x8.vdi -applog -m64 -product Vivado -messageDb vivado.pb -mode batch -source MUX16x1x8.tcl -notrace


****** Vivado v2018.2 (64-bit)
  **** SW Build 2258646 on Thu Jun 14 20:02:38 MDT 2018
  **** IP Build 2256618 on Thu Jun 14 22:10:49 MDT 2018
    ** Copyright 1986-2018 Xilinx, Inc. All Rights Reserved.

source MUX16x1x8.tcl -notrace
Command: link_design -top MUX16x1x8 -part xc7a12ticsg325-1L
Design is defaulting to srcset: sources_1
Design is defaulting to constrset: constrs_1
INFO: [Netlist 29-17] Analyzing 156 Unisim elements for replacement
INFO: [Netlist 29-28] Unisim Transformation completed in 0 CPU seconds
INFO: [Project 1-479] Netlist was created with Vivado 2018.2
INFO: [Device 21-403] Loading part xc7a12ticsg325-1L
INFO: [Project 1-570] Preparing netlist for logic optimization
INFO: [Project 1-111] Unisim Transformation Summary:
No Unisim elements were transformed.

6 Infos, 0 Warnings, 0 Critical Warnings and 0 Errors encountered.
link_design completed successfully
link_design: Time (s): cpu = 00:00:09 ; elapsed = 00:00:39 . Memory (MB): peak = 1506.832 ; gain = 225.684 ; free physical = 185973 ; free virtual = 252795
Command: opt_design
Attempting to get a license for feature 'Implementation' and/or device 'xc7a12ti'
INFO: [Common 17-349] Got license for feature 'Implementation' and/or device 'xc7a12ti'
Running DRC as a precondition to command opt_design

Starting DRC Task
INFO: [DRC 23-27] Running DRC with 8 threads
INFO: [Project 1-461] DRC finished with 0 Errors
INFO: [Project 1-462] Please refer to the DRC report (report_drc) for more information.

Time (s): cpu = 00:00:03 ; elapsed = 00:00:05 . Memory (MB): peak = 1606.859 ; gain = 100.027 ; free physical = 185961 ; free virtual = 252782

Starting Cache Timing Information Task
INFO: [Timing 38-35] Done setting XDC timing constraints.
Ending Cache Timing Information Task | Checksum: 9f3a8ab0

Time (s): cpu = 00:00:14 ; elapsed = 00:00:50 . Memory (MB): peak = 2057.355 ; gain = 450.496 ; free physical = 185555 ; free virtual = 252382

Starting Logic Optimization Task

Phase 1 Retarget
INFO: [Opt 31-138] Pushed 0 inverter(s) to 0 load pin(s).
INFO: [Opt 31-49] Retargeted 0 cell(s).
Phase 1 Retarget | Checksum: 9f3a8ab0

Time (s): cpu = 00:00:00.05 ; elapsed = 00:00:00.11 . Memory (MB): peak = 2057.359 ; gain = 0.004 ; free physical = 185591 ; free virtual = 252419
INFO: [Opt 31-389] Phase Retarget created 0 cells and removed 0 cells

Phase 2 Constant propagation
INFO: [Opt 31-138] Pushed 0 inverter(s) to 0 load pin(s).
Phase 2 Constant propagation | Checksum: 9f3a8ab0

Time (s): cpu = 00:00:00.06 ; elapsed = 00:00:00.12 . Memory (MB): peak = 2057.359 ; gain = 0.004 ; free physical = 185590 ; free virtual = 252419
INFO: [Opt 31-389] Phase Constant propagation created 0 cells and removed 0 cells

Phase 3 Sweep
Phase 3 Sweep | Checksum: 9f3a8ab0

Time (s): cpu = 00:00:00.06 ; elapsed = 00:00:00.12 . Memory (MB): peak = 2057.359 ; gain = 0.004 ; free physical = 185590 ; free virtual = 252419
INFO: [Opt 31-389] Phase Sweep created 0 cells and removed 0 cells

Phase 4 BUFG optimization
Phase 4 BUFG optimization | Checksum: 9f3a8ab0

Time (s): cpu = 00:00:00.07 ; elapsed = 00:00:00.13 . Memory (MB): peak = 2057.359 ; gain = 0.004 ; free physical = 185590 ; free virtual = 252419
INFO: [Opt 31-662] Phase BUFG optimization created 0 cells of which 0 are BUFGs and removed 0 cells.

Phase 5 Shift Register Optimization
Phase 5 Shift Register Optimization | Checksum: 9f3a8ab0

Time (s): cpu = 00:00:00.07 ; elapsed = 00:00:00.13 . Memory (MB): peak = 2057.359 ; gain = 0.004 ; free physical = 185590 ; free virtual = 252419
INFO: [Opt 31-389] Phase Shift Register Optimization created 0 cells and removed 0 cells

Phase 6 Post Processing Netlist
Phase 6 Post Processing Netlist | Checksum: 9f3a8ab0

Time (s): cpu = 00:00:00.07 ; elapsed = 00:00:00.13 . Memory (MB): peak = 2057.359 ; gain = 0.004 ; free physical = 185590 ; free virtual = 252419
INFO: [Opt 31-389] Phase Post Processing Netlist created 0 cells and removed 0 cells

Starting Connectivity Check Task

Time (s): cpu = 00:00:00 ; elapsed = 00:00:00.01 . Memory (MB): peak = 2057.359 ; gain = 0.000 ; free physical = 185590 ; free virtual = 252419
Ending Logic Optimization Task | Checksum: 9f3a8ab0

Time (s): cpu = 00:00:00.07 ; elapsed = 00:00:00.14 . Memory (MB): peak = 2057.359 ; gain = 0.004 ; free physical = 185590 ; free virtual = 252419

Starting Power Optimization Task
INFO: [Pwropt 34-132] Skipping clock gating for clocks with a period < 2.00 ns.
Ending Power Optimization Task | Checksum: 9f3a8ab0

Time (s): cpu = 00:00:00.02 ; elapsed = 00:00:00.03 . Memory (MB): peak = 2057.359 ; gain = 0.000 ; free physical = 185590 ; free virtual = 252419

Starting Final Cleanup Task
Ending Final Cleanup Task | Checksum: 9f3a8ab0

Time (s): cpu = 00:00:00 ; elapsed = 00:00:00 . Memory (MB): peak = 2057.359 ; gain = 0.000 ; free physical = 185590 ; free virtual = 252419
INFO: [Common 17-83] Releasing license: Implementation
22 Infos, 0 Warnings, 0 Critical Warnings and 0 Errors encountered.
opt_design completed successfully
opt_design: Time (s): cpu = 00:00:17 ; elapsed = 00:00:55 . Memory (MB): peak = 2057.359 ; gain = 550.527 ; free physical = 185590 ; free virtual = 252419
WARNING: [Constraints 18-5210] No constraint will be written out.
INFO: [Common 17-1381] The checkpoint '/zhome/c5/3/156238/PWA/PWA/PWA.runs/impl_1/MUX16x1x8_opt.dcp' has been generated.
INFO: [runtcl-4] Executing : report_drc -file MUX16x1x8_drc_opted.rpt -pb MUX16x1x8_drc_opted.pb -rpx MUX16x1x8_drc_opted.rpx
Command: report_drc -file MUX16x1x8_drc_opted.rpt -pb MUX16x1x8_drc_opted.pb -rpx MUX16x1x8_drc_opted.rpx
INFO: [IP_Flow 19-234] Refreshing IP repositories
INFO: [IP_Flow 19-1704] No user IP repositories specified
INFO: [IP_Flow 19-2313] Loaded Vivado IP repository '/zhome/06/1/78900/Xilinx/Vivado/2018.2/data/ip'.
INFO: [DRC 23-27] Running DRC with 8 threads
INFO: [Coretcl 2-168] The results of DRC are in file /zhome/c5/3/156238/PWA/PWA/PWA.runs/impl_1/MUX16x1x8_drc_opted.rpt.
report_drc completed successfully
report_drc: Time (s): cpu = 00:00:05 ; elapsed = 00:00:09 . Memory (MB): peak = 2147.395 ; gain = 50.020 ; free physical = 185550 ; free virtual = 252381
Command: place_design
Attempting to get a license for feature 'Implementation' and/or device 'xc7a12ti'
INFO: [Common 17-349] Got license for feature 'Implementation' and/or device 'xc7a12ti'
INFO: [DRC 23-27] Running DRC with 8 threads
INFO: [Vivado_Tcl 4-198] DRC finished with 0 Errors
INFO: [Vivado_Tcl 4-199] Please refer to the DRC report (report_drc) for more information.
Running DRC as a precondition to command place_design
INFO: [DRC 23-27] Running DRC with 8 threads
INFO: [Vivado_Tcl 4-198] DRC finished with 0 Errors
INFO: [Vivado_Tcl 4-199] Please refer to the DRC report (report_drc) for more information.

Starting Placer Task
INFO: [Place 30-611] Multithreading enabled for place_design using a maximum of 8 CPUs

Phase 1 Placer Initialization

Phase 1.1 Placer Initialization Netlist Sorting
Netlist sorting complete. Time (s): cpu = 00:00:00.01 ; elapsed = 00:00:00.01 . Memory (MB): peak = 2147.395 ; gain = 0.000 ; free physical = 185548 ; free virtual = 252379
Phase 1.1 Placer Initialization Netlist Sorting | Checksum: 86877e6e

Time (s): cpu = 00:00:00.02 ; elapsed = 00:00:00.03 . Memory (MB): peak = 2147.395 ; gain = 0.000 ; free physical = 185548 ; free virtual = 252379
Netlist sorting complete. Time (s): cpu = 00:00:00 ; elapsed = 00:00:00 . Memory (MB): peak = 2147.395 ; gain = 0.000 ; free physical = 185548 ; free virtual = 252379

Phase 1.2 IO Placement/ Clock Placement/ Build Placer Device
INFO: [Timing 38-35] Done setting XDC timing constraints.
Phase 1.2 IO Placement/ Clock Placement/ Build Placer Device | Checksum: 11fa59274

Time (s): cpu = 00:00:02 ; elapsed = 00:00:02 . Memory (MB): peak = 2167.398 ; gain = 20.004 ; free physical = 185543 ; free virtual = 252375

Phase 1.3 Build Placer Netlist Model
Phase 1.3 Build Placer Netlist Model | Checksum: 17720794f

Time (s): cpu = 00:00:02 ; elapsed = 00:00:02 . Memory (MB): peak = 2167.398 ; gain = 20.004 ; free physical = 185543 ; free virtual = 252376

Phase 1.4 Constrain Clocks/Macros
Phase 1.4 Constrain Clocks/Macros | Checksum: 17720794f

Time (s): cpu = 00:00:02 ; elapsed = 00:00:02 . Memory (MB): peak = 2167.398 ; gain = 20.004 ; free physical = 185543 ; free virtual = 252376
Phase 1 Placer Initialization | Checksum: 17720794f

Time (s): cpu = 00:00:02 ; elapsed = 00:00:02 . Memory (MB): peak = 2167.398 ; gain = 20.004 ; free physical = 185543 ; free virtual = 252376

Phase 2 Global Placement

Phase 2.1 Floorplanning
Phase 2.1 Floorplanning | Checksum: 17720794f

Time (s): cpu = 00:00:02 ; elapsed = 00:00:02 . Memory (MB): peak = 2167.398 ; gain = 20.004 ; free physical = 185542 ; free virtual = 252375
WARNING: [Place 46-29] place_design is not in timing mode. Skip physical synthesis in placer
Phase 2 Global Placement | Checksum: 184081677

Time (s): cpu = 00:00:03 ; elapsed = 00:00:02 . Memory (MB): peak = 2317.457 ; gain = 170.062 ; free physical = 185525 ; free virtual = 252363

Phase 3 Detail Placement

Phase 3.1 Commit Multi Column Macros
Phase 3.1 Commit Multi Column Macros | Checksum: 184081677

Time (s): cpu = 00:00:03 ; elapsed = 00:00:02 . Memory (MB): peak = 2317.457 ; gain = 170.062 ; free physical = 185525 ; free virtual = 252363

Phase 3.2 Commit Most Macros & LUTRAMs
Phase 3.2 Commit Most Macros & LUTRAMs | Checksum: 2046b39d8

Time (s): cpu = 00:00:03 ; elapsed = 00:00:02 . Memory (MB): peak = 2317.457 ; gain = 170.062 ; free physical = 185530 ; free virtual = 252368

Phase 3.3 Area Swap Optimization
Phase 3.3 Area Swap Optimization | Checksum: 122c19d38

Time (s): cpu = 00:00:03 ; elapsed = 00:00:02 . Memory (MB): peak = 2317.457 ; gain = 170.062 ; free physical = 185530 ; free virtual = 252368

Phase 3.4 Pipeline Register Optimization
Phase 3.4 Pipeline Register Optimization | Checksum: 122c19d38

Time (s): cpu = 00:00:03 ; elapsed = 00:00:02 . Memory (MB): peak = 2317.457 ; gain = 170.062 ; free physical = 185530 ; free virtual = 252368

Phase 3.5 Small Shape Detail Placement
Phase 3.5 Small Shape Detail Placement | Checksum: 269d5c6e0

Time (s): cpu = 00:00:03 ; elapsed = 00:00:02 . Memory (MB): peak = 2317.457 ; gain = 170.062 ; free physical = 185525 ; free virtual = 252364

Phase 3.6 Re-assign LUT pins
Phase 3.6 Re-assign LUT pins | Checksum: 269d5c6e0

Time (s): cpu = 00:00:03 ; elapsed = 00:00:02 . Memory (MB): peak = 2317.457 ; gain = 170.062 ; free physical = 185525 ; free virtual = 252364

Phase 3.7 Pipeline Register Optimization
Phase 3.7 Pipeline Register Optimization | Checksum: 269d5c6e0

Time (s): cpu = 00:00:03 ; elapsed = 00:00:02 . Memory (MB): peak = 2317.457 ; gain = 170.062 ; free physical = 185525 ; free virtual = 252364
Phase 3 Detail Placement | Checksum: 269d5c6e0

Time (s): cpu = 00:00:03 ; elapsed = 00:00:02 . Memory (MB): peak = 2317.457 ; gain = 170.062 ; free physical = 185525 ; free virtual = 252364

Phase 4 Post Placement Optimization and Clean-Up

Phase 4.1 Post Commit Optimization
Phase 4.1 Post Commit Optimization | Checksum: 269d5c6e0

Time (s): cpu = 00:00:03 ; elapsed = 00:00:02 . Memory (MB): peak = 2317.457 ; gain = 170.062 ; free physical = 185525 ; free virtual = 252364

Phase 4.2 Post Placement Cleanup
Phase 4.2 Post Placement Cleanup | Checksum: 269d5c6e0

Time (s): cpu = 00:00:03 ; elapsed = 00:00:02 . Memory (MB): peak = 2317.457 ; gain = 170.062 ; free physical = 185525 ; free virtual = 252365

Phase 4.3 Placer Reporting
Phase 4.3 Placer Reporting | Checksum: 269d5c6e0

Time (s): cpu = 00:00:03 ; elapsed = 00:00:02 . Memory (MB): peak = 2317.457 ; gain = 170.062 ; free physical = 185525 ; free virtual = 252365

Phase 4.4 Final Placement Cleanup
Phase 4.4 Final Placement Cleanup | Checksum: 269d5c6e0

Time (s): cpu = 00:00:03 ; elapsed = 00:00:02 . Memory (MB): peak = 2317.457 ; gain = 170.062 ; free physical = 185525 ; free virtual = 252365
Phase 4 Post Placement Optimization and Clean-Up | Checksum: 269d5c6e0

Time (s): cpu = 00:00:03 ; elapsed = 00:00:02 . Memory (MB): peak = 2317.457 ; gain = 170.062 ; free physical = 185525 ; free virtual = 252365
Ending Placer Task | Checksum: 1822bc8db

Time (s): cpu = 00:00:03 ; elapsed = 00:00:02 . Memory (MB): peak = 2317.457 ; gain = 170.062 ; free physical = 185528 ; free virtual = 252368
INFO: [Common 17-83] Releasing license: Implementation
39 Infos, 2 Warnings, 0 Critical Warnings and 0 Errors encountered.
place_design completed successfully
place_design: Time (s): cpu = 00:00:06 ; elapsed = 00:00:07 . Memory (MB): peak = 2317.457 ; gain = 170.062 ; free physical = 185528 ; free virtual = 252368
WARNING: [Constraints 18-5210] No constraint will be written out.
Writing placer database...
Writing XDEF routing.
Writing XDEF routing logical nets.
Writing XDEF routing special nets.
Write XDEF Complete: Time (s): cpu = 00:00:00.25 ; elapsed = 00:00:00.49 . Memory (MB): peak = 2317.457 ; gain = 0.000 ; free physical = 185525 ; free virtual = 252366
INFO: [Common 17-1381] The checkpoint '/zhome/c5/3/156238/PWA/PWA/PWA.runs/impl_1/MUX16x1x8_placed.dcp' has been generated.
INFO: [runtcl-4] Executing : report_io -file MUX16x1x8_io_placed.rpt
report_io: Time (s): cpu = 00:00:00.17 ; elapsed = 00:00:00.75 . Memory (MB): peak = 2317.457 ; gain = 0.000 ; free physical = 185521 ; free virtual = 252361
INFO: [runtcl-4] Executing : report_utilization -file MUX16x1x8_utilization_placed.rpt -pb MUX16x1x8_utilization_placed.pb
report_utilization: Time (s): cpu = 00:00:00.06 ; elapsed = 00:00:00.67 . Memory (MB): peak = 2317.457 ; gain = 0.000 ; free physical = 185528 ; free virtual = 252368
INFO: [runtcl-4] Executing : report_control_sets -verbose -file MUX16x1x8_control_sets_placed.rpt
report_control_sets: Time (s): cpu = 00:00:00.04 ; elapsed = 00:00:00.60 . Memory (MB): peak = 2317.457 ; gain = 0.000 ; free physical = 185529 ; free virtual = 252369
Command: route_design
Attempting to get a license for feature 'Implementation' and/or device 'xc7a12ti'
INFO: [Common 17-349] Got license for feature 'Implementation' and/or device 'xc7a12ti'
Running DRC as a precondition to command route_design
INFO: [DRC 23-27] Running DRC with 8 threads
INFO: [Vivado_Tcl 4-198] DRC finished with 0 Errors
INFO: [Vivado_Tcl 4-199] Please refer to the DRC report (report_drc) for more information.


Starting Routing Task
INFO: [Route 35-254] Multithreading enabled for route_design using a maximum of 8 CPUs
Checksum: PlaceDB: fba44a6d ConstDB: 0 ShapeSum: 86877e6e RouteDB: 0

Phase 1 Build RT Design
Phase 1 Build RT Design | Checksum: 7edb3ed3

Time (s): cpu = 00:00:11 ; elapsed = 00:00:10 . Memory (MB): peak = 2317.457 ; gain = 0.000 ; free physical = 185451 ; free virtual = 252291
Post Restoration Checksum: NetGraph: 18d17630 NumContArr: 6609c8a3 Constraints: 0 Timing: 0

Phase 2 Router Initialization
INFO: [Route 35-64] No timing constraints were detected. The router will operate in resource-optimization mode.

Phase 2.1 Fix Topology Constraints
Phase 2.1 Fix Topology Constraints | Checksum: 7edb3ed3

Time (s): cpu = 00:00:11 ; elapsed = 00:00:10 . Memory (MB): peak = 2317.457 ; gain = 0.000 ; free physical = 185420 ; free virtual = 252262

Phase 2.2 Pre Route Cleanup
Phase 2.2 Pre Route Cleanup | Checksum: 7edb3ed3

Time (s): cpu = 00:00:11 ; elapsed = 00:00:10 . Memory (MB): peak = 2317.457 ; gain = 0.000 ; free physical = 185420 ; free virtual = 252262
Phase 2 Router Initialization | Checksum: 7edb3ed3

Time (s): cpu = 00:00:11 ; elapsed = 00:00:10 . Memory (MB): peak = 2317.457 ; gain = 0.000 ; free physical = 185417 ; free virtual = 252260

Phase 3 Initial Routing
Phase 3 Initial Routing | Checksum: fffc02a4

Time (s): cpu = 00:00:11 ; elapsed = 00:00:10 . Memory (MB): peak = 2317.457 ; gain = 0.000 ; free physical = 185413 ; free virtual = 252260

Phase 4 Rip-up And Reroute

Phase 4.1 Global Iteration 0
 Number of Nodes with overlaps = 4
 Number of Nodes with overlaps = 0
Phase 4.1 Global Iteration 0 | Checksum: 157b75545

Time (s): cpu = 00:00:12 ; elapsed = 00:00:10 . Memory (MB): peak = 2317.457 ; gain = 0.000 ; free physical = 185410 ; free virtual = 252260
Phase 4 Rip-up And Reroute | Checksum: 157b75545

Time (s): cpu = 00:00:12 ; elapsed = 00:00:10 . Memory (MB): peak = 2317.457 ; gain = 0.000 ; free physical = 185410 ; free virtual = 252260

Phase 5 Delay and Skew Optimization
Phase 5 Delay and Skew Optimization | Checksum: 157b75545

Time (s): cpu = 00:00:12 ; elapsed = 00:00:10 . Memory (MB): peak = 2317.457 ; gain = 0.000 ; free physical = 185410 ; free virtual = 252260

Phase 6 Post Hold Fix

Phase 6.1 Hold Fix Iter
Phase 6.1 Hold Fix Iter | Checksum: 157b75545

Time (s): cpu = 00:00:12 ; elapsed = 00:00:10 . Memory (MB): peak = 2317.457 ; gain = 0.000 ; free physical = 185410 ; free virtual = 252260
Phase 6 Post Hold Fix | Checksum: 157b75545

Time (s): cpu = 00:00:12 ; elapsed = 00:00:10 . Memory (MB): peak = 2317.457 ; gain = 0.000 ; free physical = 185410 ; free virtual = 252260

Phase 7 Route finalize

Router Utilization Summary
  Global Vertical Routing Utilization    = 0.591908 %
  Global Horizontal Routing Utilization  = 0.4613 %
  Routable Net Status*
  *Does not include unroutable nets such as driverless and loadless.
  Run report_route_status for detailed report.
  Number of Failed Nets               = 0
  Number of Unrouted Nets             = 0
  Number of Partially Routed Nets     = 0
  Number of Node Overlaps             = 0

Congestion Report
North Dir 1x1 Area, Max Cong = 28.8288%, No Congested Regions.
South Dir 1x1 Area, Max Cong = 25.2252%, No Congested Regions.
East Dir 1x1 Area, Max Cong = 17.6471%, No Congested Regions.
West Dir 1x1 Area, Max Cong = 23.5294%, No Congested Regions.

------------------------------
Reporting congestion hotspots
------------------------------
Direction: North
----------------
Congested clusters found at Level 0
Effective congestion level: 0 Aspect Ratio: 1 Sparse Ratio: 0
Direction: South
----------------
Congested clusters found at Level 0
Effective congestion level: 0 Aspect Ratio: 1 Sparse Ratio: 0
Direction: East
----------------
Congested clusters found at Level 0
Effective congestion level: 0 Aspect Ratio: 1 Sparse Ratio: 0
Direction: West
----------------
Congested clusters found at Level 0
Effective congestion level: 0 Aspect Ratio: 1 Sparse Ratio: 0

Phase 7 Route finalize | Checksum: 157b75545

Time (s): cpu = 00:00:12 ; elapsed = 00:00:10 . Memory (MB): peak = 2317.457 ; gain = 0.000 ; free physical = 185410 ; free virtual = 252260

Phase 8 Verifying routed nets

 Verification completed successfully
Phase 8 Verifying routed nets | Checksum: 157b75545

Time (s): cpu = 00:00:12 ; elapsed = 00:00:10 . Memory (MB): peak = 2317.457 ; gain = 0.000 ; free physical = 185409 ; free virtual = 252258

Phase 9 Depositing Routes
Phase 9 Depositing Routes | Checksum: 157b75545

Time (s): cpu = 00:00:12 ; elapsed = 00:00:10 . Memory (MB): peak = 2317.457 ; gain = 0.000 ; free physical = 185409 ; free virtual = 252259
INFO: [Route 35-16] Router Completed Successfully

Time (s): cpu = 00:00:12 ; elapsed = 00:00:10 . Memory (MB): peak = 2317.457 ; gain = 0.000 ; free physical = 185437 ; free virtual = 252287

Routing Is Done.
INFO: [Common 17-83] Releasing license: Implementation
51 Infos, 3 Warnings, 0 Critical Warnings and 0 Errors encountered.
route_design completed successfully
route_design: Time (s): cpu = 00:00:15 ; elapsed = 00:00:15 . Memory (MB): peak = 2317.457 ; gain = 0.000 ; free physical = 185437 ; free virtual = 252287
WARNING: [Constraints 18-5210] No constraint will be written out.
Writing placer database...
Writing XDEF routing.
Writing XDEF routing logical nets.
Writing XDEF routing special nets.
Write XDEF Complete: Time (s): cpu = 00:00:00.09 ; elapsed = 00:00:00.06 . Memory (MB): peak = 2317.457 ; gain = 0.000 ; free physical = 185436 ; free virtual = 252287
INFO: [Common 17-1381] The checkpoint '/zhome/c5/3/156238/PWA/PWA/PWA.runs/impl_1/MUX16x1x8_routed.dcp' has been generated.
INFO: [runtcl-4] Executing : report_drc -file MUX16x1x8_drc_routed.rpt -pb MUX16x1x8_drc_routed.pb -rpx MUX16x1x8_drc_routed.rpx
Command: report_drc -file MUX16x1x8_drc_routed.rpt -pb MUX16x1x8_drc_routed.pb -rpx MUX16x1x8_drc_routed.rpx
INFO: [DRC 23-27] Running DRC with 8 threads
INFO: [Coretcl 2-168] The results of DRC are in file /zhome/c5/3/156238/PWA/PWA/PWA.runs/impl_1/MUX16x1x8_drc_routed.rpt.
report_drc completed successfully
report_drc: Time (s): cpu = 00:00:04 ; elapsed = 00:00:07 . Memory (MB): peak = 2384.145 ; gain = 66.688 ; free physical = 185428 ; free virtual = 252278
INFO: [runtcl-4] Executing : report_methodology -file MUX16x1x8_methodology_drc_routed.rpt -pb MUX16x1x8_methodology_drc_routed.pb -rpx MUX16x1x8_methodology_drc_routed.rpx
Command: report_methodology -file MUX16x1x8_methodology_drc_routed.rpt -pb MUX16x1x8_methodology_drc_routed.pb -rpx MUX16x1x8_methodology_drc_routed.rpx
INFO: [Timing 38-35] Done setting XDC timing constraints.
INFO: [Timing 38-35] Done setting XDC timing constraints.
INFO: [DRC 23-133] Running Methodology with 8 threads
INFO: [Coretcl 2-1520] The results of Report Methodology are in file /zhome/c5/3/156238/PWA/PWA/PWA.runs/impl_1/MUX16x1x8_methodology_drc_routed.rpt.
report_methodology completed successfully
report_methodology: Time (s): cpu = 00:00:03 ; elapsed = 00:00:06 . Memory (MB): peak = 2384.145 ; gain = 0.000 ; free physical = 185420 ; free virtual = 252277
INFO: [runtcl-4] Executing : report_power -file MUX16x1x8_power_routed.rpt -pb MUX16x1x8_power_summary_routed.pb -rpx MUX16x1x8_power_routed.rpx
Command: report_power -file MUX16x1x8_power_routed.rpt -pb MUX16x1x8_power_summary_routed.pb -rpx MUX16x1x8_power_routed.rpx
WARNING: [Power 33-232] No user defined clocks were found in the design!
Resolution: Please specify clocks using create_clock/create_generated_clock for sequential elements. For pure combinatorial circuits, please specify a virtual clock, otherwise the vectorless estimation might be inaccurate
INFO: [Timing 38-35] Done setting XDC timing constraints.
Running Vector-less Activity Propagation...

Finished Running Vector-less Activity Propagation
62 Infos, 5 Warnings, 0 Critical Warnings and 0 Errors encountered.
report_power completed successfully
INFO: [runtcl-4] Executing : report_route_status -file MUX16x1x8_route_status.rpt -pb MUX16x1x8_route_status.pb
INFO: [runtcl-4] Executing : report_timing_summary -max_paths 10 -file MUX16x1x8_timing_summary_routed.rpt -pb MUX16x1x8_timing_summary_routed.pb -rpx MUX16x1x8_timing_summary_routed.rpx -warn_on_violation 
INFO: [Timing 38-91] UpdateTimingParams: Speed grade: -1L, Delay Type: min_max, Timing Stage: Requireds.
INFO: [Timing 38-191] Multithreading enabled for timing update using a maximum of 8 CPUs
WARNING: [Timing 38-313] There are no user specified timing constraints. Timing constraints are needed for proper timing analysis.
INFO: [runtcl-4] Executing : report_incremental_reuse -file MUX16x1x8_incremental_reuse_routed.rpt
INFO: [Vivado_Tcl 4-545] No incremental reuse to report, no incremental placement and routing data was found.
INFO: [runtcl-4] Executing : report_clock_utilization -file MUX16x1x8_clock_utilization_routed.rpt
INFO: [runtcl-4] Executing : report_bus_skew -warn_on_violation -file MUX16x1x8_bus_skew_routed.rpt -pb MUX16x1x8_bus_skew_routed.pb -rpx MUX16x1x8_bus_skew_routed.rpx
INFO: [Timing 38-91] UpdateTimingParams: Speed grade: -1L, Delay Type: min_max, Timing Stage: Requireds.
INFO: [Timing 38-191] Multithreading enabled for timing update using a maximum of 8 CPUs
INFO: [Common 17-206] Exiting Vivado at Thu Feb 17 11:43:59 2022...
